Using pre-set license
Built from '2020.3/staging' branch; Version is '2020.3.19f1 (68f137dc9bbe) revision 6877495'; Using compiler version '192528614'; Build Type 'Release'
OS: 'Windows 10 Pro; OS build 19042.1237; Version 2009; 64bit' Language: 'es' Physical Memory: 16342 MB
BatchMode: 1, IsHumanControllingUs: 0, StartBugReporterOnCrash: 0, Is64bit: 1, IsPro: 0

COMMAND LINE ARGUMENTS:
C:\Program Files\Unity\Hub\Editor\2020.3.19f1\Editor\Unity.exe
-adb2
-batchMode
-noUpm
-name
AssetImportWorker0
-projectPath
D:/RowenLumanlan/Rowen-Lumanlan-tema2/Tema 2
-logFile
Logs/AssetImportWorker0.log
-srvPort
51629
Successfully changed project path to: D:/RowenLumanlan/Rowen-Lumanlan-tema2/Tema 2
D:/RowenLumanlan/Rowen-Lumanlan-tema2/Tema 2
Using Asset Import Pipeline V2.
Refreshing native plugins compatible for Editor in 31.06 ms, found 2 plugins.
Preloading 0 native plugins for Editor in 0.00 ms.
Initialize engine version: 2020.3.19f1 (68f137dc9bbe)
[Subsystems] Discovering subsystems at path C:/Program Files/Unity/Hub/Editor/2020.3.19f1/Editor/Data/Resources/UnitySubsystems
[Subsystems] Discovering subsystems at path D:/RowenLumanlan/Rowen-Lumanlan-tema2/Tema 2/Assets
GfxDevice: creating device client; threaded=0
Direct3D:
    Version:  Direct3D 11.0 [level 11.1]
    Renderer: NVIDIA GeForce GTX 1050 Ti (ID=0x1c82)
    Vendor:   
    VRAM:     4018 MB
    Driver:   27.21.14.5671
Initialize mono
Mono path[0] = 'C:/Program Files/Unity/Hub/Editor/2020.3.19f1/Editor/Data/Managed'
Mono path[1] = 'C:/Program Files/Unity/Hub/Editor/2020.3.19f1/Editor/Data/MonoBleedingEdge/lib/mono/unityjit'
Mono config path = 'C:/Program Files/Unity/Hub/Editor/2020.3.19f1/Editor/Data/MonoBleedingEdge/etc'
Using monoOptions --debugger-agent=transport=dt_socket,embedding=1,server=y,suspend=n,address=127.0.0.1:56512
Begin MonoManager ReloadAssembly
Registering precompiled unity dll's ...
Register platform support module: C:/Program Files/Unity/Hub/Editor/2020.3.19f1/Editor/Data/PlaybackEngines/WindowsStandaloneSupport/UnityEditor.WindowsStandalone.Extensions.dll
Registered in 0.001860 seconds.
Native extension for WindowsStandalone target not found
Refreshing native plugins compatible for Editor in 30.84 ms, found 2 plugins.
Preloading 0 native plugins for Editor in 0.00 ms.
Mono: successfully reloaded assembly
- Completed reload, in  1.097 seconds
Domain Reload Profiling:
	ReloadAssembly (1097ms)
		BeginReloadAssembly (58ms)
			ExecutionOrderSort (0ms)
			DisableScriptedObjects (0ms)
			BackupInstance (0ms)
			ReleaseScriptingObjects (0ms)
			CreateAndSetChildDomain (1ms)
		EndReloadAssembly (420ms)
			LoadAssemblies (56ms)
			RebuildTransferFunctionScriptingTraits (0ms)
			SetupTypeCache (156ms)
			ReleaseScriptCaches (0ms)
			RebuildScriptCaches (32ms)
			SetupLoadedEditorAssemblies (162ms)
				LogAssemblyErrors (0ms)
				InitializePlatformSupportModulesInManaged (4ms)
				SetLoadedEditorAssemblies (0ms)
				RefreshPlugins (31ms)
				BeforeProcessingInitializeOnLoad (11ms)
				ProcessInitializeOnLoadAttributes (85ms)
				ProcessInitializeOnLoadMethodAttributes (31ms)
				AfterProcessingInitializeOnLoad (0ms)
				EditorAssembliesLoaded (0ms)
			ExecutionOrderSort2 (0ms)
			AwakeInstancesAfterBackupRestoration (0ms)
Platform modules already initialized, skipping
Registering precompiled user dll's ...
Registered in 0.001702 seconds.
Begin MonoManager ReloadAssembly
Native extension for WindowsStandalone target not found
Refreshing native plugins compatible for Editor in 0.30 ms, found 2 plugins.
Preloading 0 native plugins for Editor in 0.00 ms.
Mono: successfully reloaded assembly
- Completed reload, in  1.010 seconds
Domain Reload Profiling:
	ReloadAssembly (1011ms)
		BeginReloadAssembly (144ms)
			ExecutionOrderSort (0ms)
			DisableScriptedObjects (5ms)
			BackupInstance (0ms)
			ReleaseScriptingObjects (0ms)
			CreateAndSetChildDomain (18ms)
		EndReloadAssembly (805ms)
			LoadAssemblies (80ms)
			RebuildTransferFunctionScriptingTraits (0ms)
			SetupTypeCache (274ms)
			ReleaseScriptCaches (0ms)
			RebuildScriptCaches (43ms)
			SetupLoadedEditorAssemblies (301ms)
				LogAssemblyErrors (0ms)
				InitializePlatformSupportModulesInManaged (6ms)
				SetLoadedEditorAssemblies (0ms)
				RefreshPlugins (0ms)
				BeforeProcessingInitializeOnLoad (56ms)
				ProcessInitializeOnLoadAttributes (228ms)
				ProcessInitializeOnLoadMethodAttributes (5ms)
				AfterProcessingInitializeOnLoad (6ms)
				EditorAssembliesLoaded (0ms)
			ExecutionOrderSort2 (0ms)
			AwakeInstancesAfterBackupRestoration (7ms)
Platform modules already initialized, skipping
========================================================================
Worker process is ready to serve import requests
Launched and connected shader compiler UnityShaderCompiler.exe after 0.04 seconds
Refreshing native plugins compatible for Editor in 0.28 ms, found 2 plugins.
Preloading 0 native plugins for Editor in 0.00 ms.
Unloading 1397 Unused Serialized files (Serialized files now loaded: 0)
System memory in use before: 64.8 MB.
System memory in use after: 64.9 MB.

Unloading 16 unused Assets to reduce memory usage. Loaded Objects now: 1832.
Total: 3.191300 ms (FindLiveObjects: 0.123700 ms CreateObjectMapping: 0.037900 ms MarkObjects: 2.930000 ms  DeleteObjects: 0.098200 ms)

AssetImportParameters requested are different than current active one (requested -> active):
  custom:framework-win-MediaFoundation: 216162199b28c13a410421893ffa2e32 -> 
  custom:video-decoder-ogg-theora: a1e56fd34408186e4bbccfd4996cb3dc -> 
  custom:container-muxer-webm: aa71ff27fc2769a1b78a27578f13a17b -> 
  custom:container-demuxer-webm: 4f35f7cbe854078d1ac9338744f61a02 -> 
  custom:container-demuxer-ogg: 62fdf1f143b41e24485cea50d1cbac27 -> 
  custom:video-encoder-webm-vp8: eb34c28f22e8b96e1ab97ce403110664 -> 
  custom:video-decoder-webm-vp8: 9c59270c3fd7afecdb556c50c9e8de78 -> 
  custom:audio-decoder-ogg-vorbis: bf7c407c2cedff20999df2af8eb42d56 -> 
  custom:audio-encoder-webm-vorbis: bf7c407c2cedff20999df2af8eb42d56 -> 
========================================================================
Received Import Request.
  path: Assets
  artifactKey: Guid(00000000000000001000000000000000) Importer(815301076,1909f56bfc062723c751e8b465ee728b)
Start importing Assets using Guid(00000000000000001000000000000000) Importer(815301076,1909f56bfc062723c751e8b465ee728b)  -> (artifact id: '42d402b061de3733987d63b9cc3b64de') in 0.003572 seconds 
  Import took 0.005677 seconds .

========================================================================
Received Import Request.
  Time since last request: 4.672166 seconds.
  path: Assets/Script
  artifactKey: Guid(45b2c9fa751fa544ab682965f88fe147) Importer(815301076,1909f56bfc062723c751e8b465ee728b)
Start importing Assets/Script using Guid(45b2c9fa751fa544ab682965f88fe147) Importer(815301076,1909f56bfc062723c751e8b465ee728b)  -> (artifact id: 'b47e0aa6c40120949e25c5edc5fb05ad') in 0.002470 seconds 
  Import took 0.005267 seconds .

========================================================================
Received Import Request.
  Time since last request: 6.537958 seconds.
  path: Assets/Scripts
  artifactKey: Guid(45b2c9fa751fa544ab682965f88fe147) Importer(815301076,1909f56bfc062723c751e8b465ee728b)
Start importing Assets/Scripts using Guid(45b2c9fa751fa544ab682965f88fe147) Importer(815301076,1909f56bfc062723c751e8b465ee728b)  -> (artifact id: '8f042b8202b73a9421106d0e59920af5') in 0.001516 seconds 
  Import took 0.005278 seconds .

========================================================================
Received Import Request.
  Time since last request: 598.873278 seconds.
  path: Assets/Scripts/MyFirstScript.cs
  artifactKey: Guid(14f9bc658a0367544bf845fba4d97e84) Importer(815301076,1909f56bfc062723c751e8b465ee728b)
Start importing Assets/Scripts/MyFirstScript.cs using Guid(14f9bc658a0367544bf845fba4d97e84) Importer(815301076,1909f56bfc062723c751e8b465ee728b)  -> (artifact id: '339006d2ecf6085f38d5ed5eac0e0e7a') in 0.036604 seconds 
  Import took 0.039227 seconds .

========================================================================
Received Prepare
Registering precompiled user dll's ...
Registered in 0.001703 seconds.
Begin MonoManager ReloadAssembly
Native extension for WindowsStandalone target not found
Refreshing native plugins compatible for Editor in 0.32 ms, found 2 plugins.
Preloading 0 native plugins for Editor in 0.00 ms.
Mono: successfully reloaded assembly
- Completed reload, in  0.968 seconds
Domain Reload Profiling:
	ReloadAssembly (969ms)
		BeginReloadAssembly (108ms)
			ExecutionOrderSort (0ms)
			DisableScriptedObjects (5ms)
			BackupInstance (0ms)
			ReleaseScriptingObjects (0ms)
			CreateAndSetChildDomain (31ms)
		EndReloadAssembly (792ms)
			LoadAssemblies (83ms)
			RebuildTransferFunctionScriptingTraits (0ms)
			SetupTypeCache (287ms)
			ReleaseScriptCaches (1ms)
			RebuildScriptCaches (39ms)
			SetupLoadedEditorAssemblies (279ms)
				LogAssemblyErrors (0ms)
				InitializePlatformSupportModulesInManaged (6ms)
				SetLoadedEditorAssemblies (0ms)
				RefreshPlugins (0ms)
				BeforeProcessingInitializeOnLoad (49ms)
				ProcessInitializeOnLoadAttributes (213ms)
				ProcessInitializeOnLoadMethodAttributes (5ms)
				AfterProcessingInitializeOnLoad (6ms)
				EditorAssembliesLoaded (0ms)
			ExecutionOrderSort2 (0ms)
			AwakeInstancesAfterBackupRestoration (7ms)
Platform modules already initialized, skipping
Refreshing native plugins compatible for Editor in 0.29 ms, found 2 plugins.
Preloading 0 native plugins for Editor in 0.00 ms.
Unloading 1392 Unused Serialized files (Serialized files now loaded: 0)
System memory in use before: 64.7 MB.
System memory in use after: 64.8 MB.

Unloading 11 unused Assets to reduce memory usage. Loaded Objects now: 1835.
Total: 2.980100 ms (FindLiveObjects: 0.125000 ms CreateObjectMapping: 0.041200 ms MarkObjects: 2.769500 ms  DeleteObjects: 0.043500 ms)

AssetImportParameters requested are different than current active one (requested -> active):
  custom:framework-win-MediaFoundation: 216162199b28c13a410421893ffa2e32 -> 
  custom:video-decoder-ogg-theora: a1e56fd34408186e4bbccfd4996cb3dc -> 
  custom:container-muxer-webm: aa71ff27fc2769a1b78a27578f13a17b -> 
  custom:container-demuxer-webm: 4f35f7cbe854078d1ac9338744f61a02 -> 
  custom:container-demuxer-ogg: 62fdf1f143b41e24485cea50d1cbac27 -> 
  custom:video-encoder-webm-vp8: eb34c28f22e8b96e1ab97ce403110664 -> 
  custom:video-decoder-webm-vp8: 9c59270c3fd7afecdb556c50c9e8de78 -> 
  custom:audio-decoder-ogg-vorbis: bf7c407c2cedff20999df2af8eb42d56 -> 
  custom:audio-encoder-webm-vorbis: bf7c407c2cedff20999df2af8eb42d56 -> 
========================================================================
Received Import Request.
  Time since last request: 1068.585175 seconds.
  path: Assets/Scenes
  artifactKey: Guid(7dbf0f3ea444fb846ab17b2cae26dc35) Importer(815301076,1909f56bfc062723c751e8b465ee728b)
Start importing Assets/Scenes using Guid(7dbf0f3ea444fb846ab17b2cae26dc35) Importer(815301076,1909f56bfc062723c751e8b465ee728b)  -> (artifact id: '21ed214736babce698dddd147c4be5ec') in 0.007658 seconds 
  Import took 0.010429 seconds .

========================================================================
Received Import Request.
  Time since last request: 24.042056 seconds.
  path: Assets/Scenes/Ejercicio2.unity
  artifactKey: Guid(264847d21534e2e47a6f01d117d590d9) Importer(815301076,1909f56bfc062723c751e8b465ee728b)
Start importing Assets/Scenes/Ejercicio2.unity using Guid(264847d21534e2e47a6f01d117d590d9) Importer(815301076,1909f56bfc062723c751e8b465ee728b)  -> (artifact id: '0f32f5a5f4d33ab55b2d389259be3120') in 0.013918 seconds 
  Import took 0.016109 seconds .

========================================================================
Received Import Request.
  Time since last request: 559.350693 seconds.
  path: Assets/materials.unity
  artifactKey: Guid(d4a19564cf0536a49801fb0e9ae521ee) Importer(815301076,1909f56bfc062723c751e8b465ee728b)
Start importing Assets/materials.unity using Guid(d4a19564cf0536a49801fb0e9ae521ee) Importer(815301076,1909f56bfc062723c751e8b465ee728b)  -> (artifact id: 'c3f2d4aa75ab58c71eb22bee5a811136') in 0.003422 seconds 
  Import took 0.006334 seconds .

========================================================================
Received Import Request.
  Time since last request: 29.120994 seconds.
  path: Assets/New Material.mat
  artifactKey: Guid(bdfde7f912a895a4e96093365880ef23) Importer(815301076,1909f56bfc062723c751e8b465ee728b)
Start importing Assets/New Material.mat using Guid(bdfde7f912a895a4e96093365880ef23) Importer(815301076,1909f56bfc062723c751e8b465ee728b)  -> (artifact id: '288e04019b20ab3e1e91f2e54e3599a8') in 0.093509 seconds 
  Import took 0.095882 seconds .

========================================================================
Received Import Request.
  Time since last request: 89.466462 seconds.
  path: Assets/blue_mat.mat
  artifactKey: Guid(bdfde7f912a895a4e96093365880ef23) Importer(815301076,1909f56bfc062723c751e8b465ee728b)
Start importing Assets/blue_mat.mat using Guid(bdfde7f912a895a4e96093365880ef23) Importer(815301076,1909f56bfc062723c751e8b465ee728b)  -> (artifact id: '67cfaf6a2849095a3c2c3024aa7c5c01') in 0.009183 seconds 
  Import took 0.011964 seconds .

========================================================================
Received Import Request.
  Time since last request: 79.981001 seconds.
  path: Assets/New Material.mat
  artifactKey: Guid(0daad1b8f25013840b030aa6312dc41a) Importer(815301076,1909f56bfc062723c751e8b465ee728b)
Start importing Assets/New Material.mat using Guid(0daad1b8f25013840b030aa6312dc41a) Importer(815301076,1909f56bfc062723c751e8b465ee728b)  -> (artifact id: '10eb0343f6371a72fa8de21eeb57d8ac') in 0.010485 seconds 
  Import took 0.012778 seconds .

========================================================================
Received Import Request.
  Time since last request: 516.366195 seconds.
  path: Assets/ambulance.mat
  artifactKey: Guid(0f00426d0f32f554b88ad5781c076bf9) Importer(815301076,1909f56bfc062723c751e8b465ee728b)
Start importing Assets/ambulance.mat using Guid(0f00426d0f32f554b88ad5781c076bf9) Importer(815301076,1909f56bfc062723c751e8b465ee728b)  -> (artifact id: 'ca58a0cc9b49bf7048d0810969258170') in 0.010849 seconds 
  Import took 0.014193 seconds .

========================================================================
Received Import Request.
  Time since last request: 65.002248 seconds.
  path: Assets/sirena.mat
  artifactKey: Guid(20914efeb497b9a499ecc352eb671771) Importer(815301076,1909f56bfc062723c751e8b465ee728b)
Start importing Assets/sirena.mat using Guid(20914efeb497b9a499ecc352eb671771) Importer(815301076,1909f56bfc062723c751e8b465ee728b)  -> (artifact id: '334f9958c7fab7d1867775390ceb8c83') in 0.007314 seconds 
  Import took 0.010091 seconds .

========================================================================
Received Import Request.
  Time since last request: 366.547099 seconds.
  path: Assets/materials
  artifactKey: Guid(6ab9cba99f0daa34c81922f9c898c83e) Importer(815301076,1909f56bfc062723c751e8b465ee728b)
Start importing Assets/materials using Guid(6ab9cba99f0daa34c81922f9c898c83e) Importer(815301076,1909f56bfc062723c751e8b465ee728b)  -> (artifact id: '9384c0b0121a9f925fa9ee53f51db1b4') in 0.002515 seconds 
  Import took 0.005387 seconds .

========================================================================
Received Import Request.
  Time since last request: 8.396312 seconds.
  path: Assets/materials/ambulance.mat
  artifactKey: Guid(0f00426d0f32f554b88ad5781c076bf9) Importer(815301076,1909f56bfc062723c751e8b465ee728b)
Start importing Assets/materials/ambulance.mat using Guid(0f00426d0f32f554b88ad5781c076bf9) Importer(815301076,1909f56bfc062723c751e8b465ee728b)  -> (artifact id: '4fb574000633b547a84a2ab92abf9fb2') in 0.008906 seconds 
  Import took 0.011551 seconds .

========================================================================
Received Import Request.
  Time since last request: 0.000356 seconds.
  path: Assets/materials/New Material.mat
  artifactKey: Guid(0daad1b8f25013840b030aa6312dc41a) Importer(815301076,1909f56bfc062723c751e8b465ee728b)
Start importing Assets/materials/New Material.mat using Guid(0daad1b8f25013840b030aa6312dc41a) Importer(815301076,1909f56bfc062723c751e8b465ee728b)  -> (artifact id: '0144ab04dba8730e22fe7e19f54c8e10') in 0.008436 seconds 
  Import took 0.011235 seconds .

========================================================================
Received Import Request.
  Time since last request: 0.000278 seconds.
  path: Assets/materials/sirena.mat
  artifactKey: Guid(20914efeb497b9a499ecc352eb671771) Importer(815301076,1909f56bfc062723c751e8b465ee728b)
Start importing Assets/materials/sirena.mat using Guid(20914efeb497b9a499ecc352eb671771) Importer(815301076,1909f56bfc062723c751e8b465ee728b)  -> (artifact id: '3a1697048a483f218b48422fbb66a69b') in 0.015900 seconds 
  Import took 0.019114 seconds .

========================================================================
Received Import Request.
  Time since last request: 573.364401 seconds.
  path: Assets/Scripts/MyFirstScript.cs
  artifactKey: Guid(14f9bc658a0367544bf845fba4d97e84) Importer(815301076,1909f56bfc062723c751e8b465ee728b)
Start importing Assets/Scripts/MyFirstScript.cs using Guid(14f9bc658a0367544bf845fba4d97e84) Importer(815301076,1909f56bfc062723c751e8b465ee728b)  -> (artifact id: '698287499e53ba0ca37c97a488ac5c9e') in 0.001328 seconds 
  Import took 0.004179 seconds .

========================================================================
Received Import Request.
  Time since last request: 588.229361 seconds.
  path: Assets/Scenes/Ejercicio2.unity
  artifactKey: Guid(264847d21534e2e47a6f01d117d590d9) Importer(815301076,1909f56bfc062723c751e8b465ee728b)
Start importing Assets/Scenes/Ejercicio2.unity using Guid(264847d21534e2e47a6f01d117d590d9) Importer(815301076,1909f56bfc062723c751e8b465ee728b)  -> (artifact id: 'c112fc9d449a0f46610e31f614af3b29') in 0.003077 seconds 
  Import took 0.007214 seconds .

========================================================================
Received Import Request.
  Time since last request: 1.680771 seconds.
  path: Assets/Scenes/SampleScene.unity
  artifactKey: Guid(9fc0d4010bbf28b4594072e72b8655ab) Importer(815301076,1909f56bfc062723c751e8b465ee728b)
Start importing Assets/Scenes/SampleScene.unity using Guid(9fc0d4010bbf28b4594072e72b8655ab) Importer(815301076,1909f56bfc062723c751e8b465ee728b)  -> (artifact id: '195619b1c26bdc9d238600b276b04c27') in 0.003980 seconds 
  Import took 0.006550 seconds .

========================================================================
Received Prepare
Registering precompiled user dll's ...
Registered in 0.001879 seconds.
Begin MonoManager ReloadAssembly
Native extension for WindowsStandalone target not found
Refreshing native plugins compatible for Editor in 0.38 ms, found 2 plugins.
Preloading 0 native plugins for Editor in 0.00 ms.
Mono: successfully reloaded assembly
- Completed reload, in  1.002 seconds
Domain Reload Profiling:
	ReloadAssembly (1003ms)
		BeginReloadAssembly (116ms)
			ExecutionOrderSort (0ms)
			DisableScriptedObjects (6ms)
			BackupInstance (0ms)
			ReleaseScriptingObjects (0ms)
			CreateAndSetChildDomain (34ms)
		EndReloadAssembly (819ms)
			LoadAssemblies (95ms)
			RebuildTransferFunctionScriptingTraits (0ms)
			SetupTypeCache (303ms)
			ReleaseScriptCaches (1ms)
			RebuildScriptCaches (38ms)
			SetupLoadedEditorAssemblies (279ms)
				LogAssemblyErrors (0ms)
				InitializePlatformSupportModulesInManaged (5ms)
				SetLoadedEditorAssemblies (0ms)
				RefreshPlugins (0ms)
				BeforeProcessingInitializeOnLoad (48ms)
				ProcessInitializeOnLoadAttributes (214ms)
				ProcessInitializeOnLoadMethodAttributes (5ms)
				AfterProcessingInitializeOnLoad (6ms)
				EditorAssembliesLoaded (0ms)
			ExecutionOrderSort2 (0ms)
			AwakeInstancesAfterBackupRestoration (7ms)
Platform modules already initialized, skipping
Refreshing native plugins compatible for Editor in 0.30 ms, found 2 plugins.
Preloading 0 native plugins for Editor in 0.00 ms.
Unloading 1392 Unused Serialized files (Serialized files now loaded: 0)
System memory in use before: 68.1 MB.
System memory in use after: 68.2 MB.

Unloading 11 unused Assets to reduce memory usage. Loaded Objects now: 1877.
Total: 3.212500 ms (FindLiveObjects: 0.134600 ms CreateObjectMapping: 0.040500 ms MarkObjects: 2.998300 ms  DeleteObjects: 0.037900 ms)

AssetImportParameters requested are different than current active one (requested -> active):
  custom:framework-win-MediaFoundation: 216162199b28c13a410421893ffa2e32 -> 
  custom:video-decoder-ogg-theora: a1e56fd34408186e4bbccfd4996cb3dc -> 
  custom:container-muxer-webm: aa71ff27fc2769a1b78a27578f13a17b -> 
  custom:container-demuxer-webm: 4f35f7cbe854078d1ac9338744f61a02 -> 
  custom:container-demuxer-ogg: 62fdf1f143b41e24485cea50d1cbac27 -> 
  custom:video-encoder-webm-vp8: eb34c28f22e8b96e1ab97ce403110664 -> 
  custom:video-decoder-webm-vp8: 9c59270c3fd7afecdb556c50c9e8de78 -> 
  custom:audio-decoder-ogg-vorbis: bf7c407c2cedff20999df2af8eb42d56 -> 
  custom:audio-encoder-webm-vorbis: bf7c407c2cedff20999df2af8eb42d56 -> 
AssetImportWorkerClient::OnTransportError - code=2 error=End of file
